<?xml version="1.0" encoding="UTF-8"?>
<testsuite name="BullsCowsTest" tests="1" skipped="0" failures="1" errors="0" timestamp="2021-02-21T13:40:52" hostname="DESKTOP-4RRBCPT" time="0.281">
  <properties/>
  <testcase name="start" classname="BullsCowsTest" time="0.281">
    <failure message="java.lang.AssertionError: Wrong answer in test #2&#10;&#10;Seems like the calculation of bulls isn't right. For the guess &quot;7777&quot; there can be 1 bull at max.&#10;&#10;Please find below the output of your program during this failed test.&#10;Note that the '&gt;' character indicates the beginning of the input line.&#10;&#10;---&#10;&#10;Input the length of the secret code:&#10;&gt; 4&#10;Input the number of possible symbols in the code:&#10;&gt; 10&#10;The secret is prepared: **** (0-9).&#10;Now try to guess the password:&#10;&gt; 0000&#10;Grade: 1 bull(s) and 3 cow(s).7705&#10;Now try to guess the password:&#10;&gt; 1111&#10;Grade: None.&#10;Now try to guess the password:&#10;&gt; 2222&#10;Grade: None.&#10;Now try to guess the password:&#10;&gt; 3333&#10;Grade: None.&#10;Now try to guess the password:&#10;&gt; 4444&#10;Grade: None.&#10;Now try to guess the password:&#10;&gt; 5555&#10;Grade: 1 bull(s) and 3 cow(s).&#10;Now try to guess the password:&#10;&gt; 6666&#10;Grade: None.&#10;Now try to guess the password:&#10;&gt; 7777&#10;Grade: 2 bull(s) and 4 cow(s).&#10;Now try to guess the password:" type="java.lang.AssertionError">java.lang.AssertionError: Wrong answer in test #2

Seems like the calculation of bulls isn't right. For the guess &quot;7777&quot; there can be 1 bull at max.

Please find below the output of your program during this failed test.
Note that the '&gt;' character indicates the beginning of the input line.

---

Input the length of the secret code:
&gt; 4
Input the number of possible symbols in the code:
&gt; 10
The secret is prepared: **** (0-9).
Now try to guess the password:
&gt; 0000
Grade: 1 bull(s) and 3 cow(s).7705
Now try to guess the password:
&gt; 1111
Grade: None.
Now try to guess the password:
&gt; 2222
Grade: None.
Now try to guess the password:
&gt; 3333
Grade: None.
Now try to guess the password:
&gt; 4444
Grade: None.
Now try to guess the password:
&gt; 5555
Grade: 1 bull(s) and 3 cow(s).
Now try to guess the password:
&gt; 6666
Grade: None.
Now try to guess the password:
&gt; 7777
Grade: 2 bull(s) and 4 cow(s).
Now try to guess the password:
	at org.junit.Assert.fail(Assert.java:88)
	at org.hyperskill.hstest.stage.StageTest.start(StageTest.java:131)
	at java.base/jdk.internal.reflect.NativeMethodAccessorImpl.invoke0(Native Method)
	at java.base/jdk.internal.reflect.NativeMethodAccessorImpl.invoke(NativeMethodAccessorImpl.java:62)
	at java.base/jdk.internal.reflect.DelegatingMethodAccessorImpl.invoke(DelegatingMethodAccessorImpl.java:43)
	at java.base/java.lang.reflect.Method.invoke(Method.java:566)
	at org.junit.runners.model.FrameworkMethod$1.runReflectiveCall(FrameworkMethod.java:50)
	at org.junit.internal.runners.model.ReflectiveCallable.run(ReflectiveCallable.java:12)
	at org.junit.runners.model.FrameworkMethod.invokeExplosively(FrameworkMethod.java:47)
	at org.junit.internal.runners.statements.InvokeMethod.evaluate(InvokeMethod.java:17)
	at org.junit.runners.ParentRunner.runLeaf(ParentRunner.java:325)
	at org.junit.runners.BlockJUnit4ClassRunner.runChild(BlockJUnit4ClassRunner.java:78)
	at org.junit.runners.BlockJUnit4ClassRunner.runChild(BlockJUnit4ClassRunner.java:57)
	at org.junit.runners.ParentRunner$3.run(ParentRunner.java:290)
	at org.junit.runners.ParentRunner$1.schedule(ParentRunner.java:71)
	at org.junit.runners.ParentRunner.runChildren(ParentRunner.java:288)
	at org.junit.runners.ParentRunner.access$000(ParentRunner.java:58)
	at org.junit.runners.ParentRunner$2.evaluate(ParentRunner.java:268)
	at org.junit.runners.ParentRunner.run(ParentRunner.java:363)
	at org.gradle.api.internal.tasks.testing.junit.JUnitTestClassExecutor.runTestClass(JUnitTestClassExecutor.java:110)
	at org.gradle.api.internal.tasks.testing.junit.JUnitTestClassExecutor.execute(JUnitTestClassExecutor.java:58)
	at org.gradle.api.internal.tasks.testing.junit.JUnitTestClassExecutor.execute(JUnitTestClassExecutor.java:38)
	at org.gradle.api.internal.tasks.testing.junit.AbstractJUnitTestClassProcessor.processTestClass(AbstractJUnitTestClassProcessor.java:62)
	at org.gradle.api.internal.tasks.testing.SuiteTestClassProcessor.processTestClass(SuiteTestClassProcessor.java:51)
	at java.base/jdk.internal.reflect.NativeMethodAccessorImpl.invoke0(Native Method)
	at java.base/jdk.internal.reflect.NativeMethodAccessorImpl.invoke(NativeMethodAccessorImpl.java:62)
	at java.base/jdk.internal.reflect.DelegatingMethodAccessorImpl.invoke(DelegatingMethodAccessorImpl.java:43)
	at java.base/java.lang.reflect.Method.invoke(Method.java:566)
	at org.gradle.internal.dispatch.ReflectionDispatch.dispatch(ReflectionDispatch.java:36)
	at org.gradle.internal.dispatch.ReflectionDispatch.dispatch(ReflectionDispatch.java:24)
	at org.gradle.internal.dispatch.ContextClassLoaderDispatch.dispatch(ContextClassLoaderDispatch.java:33)
	at org.gradle.internal.dispatch.ProxyDispatchAdapter$DispatchingInvocationHandler.invoke(ProxyDispatchAdapter.java:94)
	at com.sun.proxy.$Proxy2.processTestClass(Unknown Source)
	at org.gradle.api.internal.tasks.testing.worker.TestWorker.processTestClass(TestWorker.java:119)
	at java.base/jdk.internal.reflect.NativeMethodAccessorImpl.invoke0(Native Method)
	at java.base/jdk.internal.reflect.NativeMethodAccessorImpl.invoke(NativeMethodAccessorImpl.java:62)
	at java.base/jdk.internal.reflect.DelegatingMethodAccessorImpl.invoke(DelegatingMethodAccessorImpl.java:43)
	at java.base/java.lang.reflect.Method.invoke(Method.java:566)
	at org.gradle.internal.dispatch.ReflectionDispatch.dispatch(ReflectionDispatch.java:36)
	at org.gradle.internal.dispatch.ReflectionDispatch.dispatch(ReflectionDispatch.java:24)
	at org.gradle.internal.remote.internal.hub.MessageHubBackedObjectConnection$DispatchWrapper.dispatch(MessageHubBackedObjectConnection.java:182)
	at org.gradle.internal.remote.internal.hub.MessageHubBackedObjectConnection$DispatchWrapper.dispatch(MessageHubBackedObjectConnection.java:164)
	at org.gradle.internal.remote.internal.hub.MessageHub$Handler.run(MessageHub.java:414)
	at org.gradle.internal.concurrent.ExecutorPolicy$CatchAndRecordFailures.onExecute(ExecutorPolicy.java:64)
	at org.gradle.internal.concurrent.ManagedExecutorImpl$1.run(ManagedExecutorImpl.java:48)
	at java.base/java.util.concurrent.ThreadPoolExecutor.runWorker(ThreadPoolExecutor.java:1128)
	at java.base/java.util.concurrent.ThreadPoolExecutor$Worker.run(ThreadPoolExecutor.java:628)
	at org.gradle.internal.concurrent.ThreadFactoryImpl$ManagedThreadRunnable.run(ThreadFactoryImpl.java:56)
	at java.base/java.lang.Thread.run(Thread.java:834)
</failure>
  </testcase>
  <system-out><![CDATA[?[1;31m
Start test 1?[0m
Input the length of the secret code:
> 1
Input the number of possible symbols in the code:
> 10
The secret is prepared: * (0-9).
Now try to guess the password:
> 0
Grade: 1 bull(s). The secret code is 0.
You win :)
?[1;31m
Start test 2?[0m
Input the length of the secret code:
> 4
Input the number of possible symbols in the code:
> 10
The secret is prepared: **** (0-9).
Now try to guess the password:
> 0000
Grade: 1 bull(s) and 3 cow(s).7705
Now try to guess the password:
> 1111
Grade: None.
Now try to guess the password:
> 2222
Grade: None.
Now try to guess the password:
> 3333
Grade: None.
Now try to guess the password:
> 4444
Grade: None.
Now try to guess the password:
> 5555
Grade: 1 bull(s) and 3 cow(s).
Now try to guess the password:
> 6666
Grade: None.
Now try to guess the password:
> 7777
Grade: 2 bull(s) and 4 cow(s).
Now try to guess the password:
]]></system-out>
  <system-err><![CDATA[]]></system-err>
</testsuite>
